1541681396402:	23790: Acquire Start
1541681396402:	23790: Acquire Sent
1541681396403:	23790: Acquire directly
1541681396403:	23790: Acquire Done, nacquire: 1
1541681396403:	23790: Release Start
1541681396403:	23790: Release Done
FUSE library version: 2.9.4
unique: 1, opcode: INIT (26), nodeid: 0, insize: 56, pid: 0
INIT: 7.23
flags=0x0003fffb
max_readahead=0x00020000
   INIT: 7.19
   flags=0x00000000
   max_readahead=0x00020000
   max_write=0x00020000
   max_background=0
   congestion_threshold=0
   unique: 1, success, outsize: 40
1541681398405:	23790: Revoke start
1541681398405:	23790: Revoke directly
1541681398406:	23790: Revoke directly back
unique: 2, opcode: FORGET (2), nodeid: 1, insize: 48, pid: 0
fuse: failed to unmount /home/stu/devlop/lab3/yfs1: Invalid argument
